[2026-01-02T10:55:12.883Z] [INFO] 🚀 WebSocket server started on /ws
[2026-01-02T10:55:12.886Z] [INFO] HTTP server listening on http://0.0.0.0:4000
[2026-01-02T10:55:35.113Z] [INFO] ✅ Client connected to WebSocket
[2026-01-02T10:55:35.122Z] [INFO] ❌ Client disconnected
[2026-01-02T10:55:37.364Z] [INFO] ✅ Client connected to WebSocket
[2026-01-02T10:55:38.008Z] [INFO] 📨 Received client message: [{"type":"subscribe","symbol":"BTCUSDT","channels":["trade","kline","depth","footprint"],"interval":"1m"}]
[2026-01-02T10:55:38.016Z] [INFO] 🔔 Subscribing to BTCUSDT | Channels: [trade, kline, depth, footprint] | Interval: 1m
[2026-01-02T10:55:38.118Z] [INFO] 📐 Using tickSize 0.01 for BTCUSDT
[2026-01-02T10:55:38.118Z] [INFO] Connecting to Binance combined stream: btcusdt@aggTrade/btcusdt@kline_1m/btcusdt@depth20@100ms
[2026-01-02T10:55:40.381Z] [INFO] ✅ Connected to Binance streams: btcusdt@aggTrade, btcusdt@kline_1m, btcusdt@depth20@100ms
[2026-01-02T10:55:42.128Z] [INFO] 📊 Footprint calculated: 2 price levels | Delta: -0.03 | CVD: -0.03 | Trades: 13
[2026-01-02T10:56:02.105Z] [INFO] 📊 Footprint calculated: 2 price levels | Delta: -0.11 | CVD: -0.14 | Trades: 49
[2026-01-02T10:56:23.820Z] [INFO] 📨 Received client message: [{"type":"unsubscribe"}]
[2026-01-02T10:56:23.820Z] [INFO] 🔌 Unsubscribing from Binance streams
[2026-01-02T10:56:23.821Z] [INFO] Closing Binance WebSocket connection
[2026-01-02T10:56:23.822Z] [INFO] 📨 Received client message: [{"type":"subscribe","symbol":"BTCUSDT","channels":["trade","kline","depth","footprint"],"interval":"5m"}]
[2026-01-02T10:56:23.823Z] [INFO] 🔔 Subscribing to BTCUSDT | Channels: [trade, kline, depth, footprint] | Interval: 5m
[2026-01-02T10:56:23.925Z] [INFO] 📐 Using tickSize 0.01 for BTCUSDT
[2026-01-02T10:56:23.925Z] [INFO] Connecting to Binance combined stream: btcusdt@aggTrade/btcusdt@kline_5m/btcusdt@depth20@100ms
[2026-01-02T10:56:26.057Z] [INFO] ✅ Connected to Binance streams: btcusdt@aggTrade, btcusdt@kline_5m, btcusdt@depth20@100ms
[2026-01-02T10:56:28.129Z] [INFO] 📊 Footprint calculated: 1 price levels | Delta: 0.08 | CVD: 0.08 | Trades: 2
[2026-01-02T10:57:28.342Z] [INFO] 🚀 WebSocket server started on /ws
[2026-01-02T10:57:28.345Z] [INFO] HTTP server listening on http://0.0.0.0:4000
[2026-01-02T10:57:29.590Z] [INFO] ✅ Client connected to WebSocket
[2026-01-02T10:57:29.612Z] [INFO] 📨 Received client message: [{"type":"subscribe","symbol":"BTCUSDT","channels":["trade","kline","depth","footprint"],"interval":"5m"}]
[2026-01-02T10:57:29.613Z] [INFO] 🔔 Subscribing to BTCUSDT | Channels: [trade, kline, depth, footprint] | Interval: 5m
[2026-01-02T10:57:29.713Z] [INFO] 📐 Using tickSize 0.01 for BTCUSDT
[2026-01-02T10:57:29.714Z] [INFO] Connecting to Binance combined stream: btcusdt@aggTrade/btcusdt@kline_5m/btcusdt@depth20@100ms
[2026-01-02T10:57:32.807Z] [INFO] ✅ Connected to Binance streams: btcusdt@aggTrade, btcusdt@kline_5m, btcusdt@depth20@100ms
[2026-01-02T10:57:33.078Z] [INFO] ❌ Client disconnected
[2026-01-02T10:57:33.078Z] [INFO] 🔌 Unsubscribing from Binance streams
[2026-01-02T10:57:33.078Z] [INFO] Closing Binance WebSocket connection
[2026-01-02T10:57:33.510Z] [INFO] ✅ Client connected to WebSocket
[2026-01-02T10:57:33.544Z] [INFO] ❌ Client disconnected
[2026-01-02T10:57:36.547Z] [INFO] ✅ Client connected to WebSocket
[2026-01-02T10:57:36.563Z] [INFO] 📨 Received client message: [{"type":"subscribe","symbol":"BTCUSDT","channels":["trade","kline","depth","footprint"],"interval":"1m"}]
[2026-01-02T10:57:36.563Z] [INFO] 🔔 Subscribing to BTCUSDT | Channels: [trade, kline, depth, footprint] | Interval: 1m
[2026-01-02T10:57:36.665Z] [INFO] 📐 Using tickSize 0.01 for BTCUSDT
[2026-01-02T10:57:36.665Z] [INFO] Connecting to Binance combined stream: btcusdt@aggTrade/btcusdt@kline_1m/btcusdt@depth20@100ms
[2026-01-02T10:57:39.577Z] [INFO] ✅ Connected to Binance streams: btcusdt@aggTrade, btcusdt@kline_1m, btcusdt@depth20@100ms
[2026-01-02T10:57:40.122Z] [INFO] 📊 Footprint calculated: 2 price levels | Delta: 0.00 | CVD: 0.00 | Trades: 4
[2026-01-02T10:57:42.334Z] [INFO] ❌ Client disconnected
[2026-01-02T10:57:42.335Z] [INFO] 🔌 Unsubscribing from Binance streams
[2026-01-02T10:57:42.335Z] [INFO] Closing Binance WebSocket connection
[2026-01-02T10:57:42.378Z] [INFO] ✅ Client connected to WebSocket
[2026-01-02T10:57:42.379Z] [INFO] ❌ Client disconnected
[2026-01-02T10:57:45.382Z] [INFO] ✅ Client connected to WebSocket
[2026-01-02T10:57:45.393Z] [INFO] 📨 Received client message: [{"type":"subscribe","symbol":"BTCUSDT","channels":["trade","kline","depth","footprint"],"interval":"1m"}]
[2026-01-02T10:57:45.393Z] [INFO] 🔔 Subscribing to BTCUSDT | Channels: [trade, kline, depth, footprint] | Interval: 1m
[2026-01-02T10:57:45.494Z] [INFO] 📐 Using tickSize 0.01 for BTCUSDT
[2026-01-02T10:57:45.495Z] [INFO] Connecting to Binance combined stream: btcusdt@aggTrade/btcusdt@kline_1m/btcusdt@depth20@100ms
[2026-01-02T10:57:48.779Z] [INFO] ✅ Connected to Binance streams: btcusdt@aggTrade, btcusdt@kline_1m, btcusdt@depth20@100ms
[2026-01-02T10:57:50.134Z] [INFO] 📊 Footprint calculated: 2 price levels | Delta: -0.05 | CVD: -0.05 | Trades: 3
[2026-01-02T10:58:02.141Z] [INFO] 📊 Footprint calculated: 2 price levels | Delta: -0.01 | CVD: -0.06 | Trades: 31
[2026-01-02T10:59:02.142Z] [INFO] 📊 Footprint calculated: 2 price levels | Delta: -1.47 | CVD: -1.53 | Trades: 394
[2026-01-02T11:00:02.135Z] [INFO] 📊 Footprint calculated: 77 price levels | Delta: 0.93 | CVD: -0.60 | Trades: 622
[2026-01-02T11:01:00.128Z] [INFO] 📊 Footprint calculated: 2 price levels | Delta: -0.01 | CVD: -0.61 | Trades: 692
[2026-01-02T11:02:02.120Z] [INFO] 📊 Footprint calculated: 31 price levels | Delta: -11.78 | CVD: -12.40 | Trades: 494
[2026-01-02T11:03:02.144Z] [INFO] 📊 Footprint calculated: 14 price levels | Delta: -2.99 | CVD: -15.39 | Trades: 337
[2026-01-02T11:04:02.137Z] [INFO] 📊 Footprint calculated: 2 price levels | Delta: -0.50 | CVD: -15.89 | Trades: 533
[2026-01-02T11:05:02.117Z] [INFO] 📊 Footprint calculated: 33 price levels | Delta: 0.54 | CVD: -15.35 | Trades: 352
[2026-01-02T11:06:02.139Z] [INFO] 📊 Footprint calculated: 1 price levels | Delta: -0.04 | CVD: -15.39 | Trades: 578
[2026-01-02T11:06:12.546Z] [INFO] 🚀 WebSocket server started on /ws
[2026-01-02T11:06:12.549Z] [INFO] HTTP server listening on http://0.0.0.0:4000
[2026-01-02T11:06:15.234Z] [INFO] ✅ Client connected to WebSocket
[2026-01-02T11:06:15.324Z] [INFO] 📨 Received client message: [{"type":"subscribe","symbol":"BTCUSDT","channels":["trade","kline","depth","footprint"],"interval":"1m"}]
[2026-01-02T11:06:15.325Z] [INFO] 🔔 Subscribing to BTCUSDT | Channels: [trade, kline, depth, footprint] | Interval: 1m
[2026-01-02T11:06:15.426Z] [INFO] 📐 Using tickSize 0.01 for BTCUSDT
[2026-01-02T11:06:15.427Z] [INFO] Connecting to Binance combined stream: btcusdt@aggTrade/btcusdt@kline_1m/btcusdt@depth20@100ms
[2026-01-02T11:06:18.369Z] [INFO] ✅ Connected to Binance streams: btcusdt@aggTrade, btcusdt@kline_1m, btcusdt@depth20@100ms
[2026-01-02T11:06:20.098Z] [INFO] 📊 Footprint calculated: 1 price levels | Delta: -0.00 | CVD: -0.00 | Trades: 3
[2026-01-02T11:06:30.674Z] [INFO] 🚀 WebSocket server started on /ws
[2026-01-02T11:06:30.676Z] [INFO] HTTP server listening on http://0.0.0.0:4000
[2026-01-02T11:06:33.437Z] [INFO] ✅ Client connected to WebSocket
[2026-01-02T11:06:33.488Z] [INFO] 📨 Received client message: [{"type":"subscribe","symbol":"BTCUSDT","channels":["trade","kline","depth","footprint"],"interval":"1m"}]
[2026-01-02T11:06:33.488Z] [INFO] 🔔 Subscribing to BTCUSDT | Channels: [trade, kline, depth, footprint] | Interval: 1m
[2026-01-02T11:06:33.589Z] [INFO] 📐 Using tickSize 0.01 for BTCUSDT
[2026-01-02T11:06:33.589Z] [INFO] Connecting to Binance combined stream: btcusdt@aggTrade/btcusdt@kline_1m/btcusdt@depth20@100ms
[2026-01-02T11:06:36.704Z] [INFO] ✅ Connected to Binance streams: btcusdt@aggTrade, btcusdt@kline_1m, btcusdt@depth20@100ms
[2026-01-02T11:06:38.086Z] [INFO] 📊 Footprint calculated: 2 price levels | Delta: 0.05 | CVD: 0.05 | Trades: 6
[2026-01-02T11:07:02.080Z] [INFO] 📊 Footprint calculated: 2 price levels | Delta: -0.06 | CVD: -0.01 | Trades: 168
[2026-01-02T11:08:02.096Z] [INFO] 📊 Footprint calculated: 43 price levels | Delta: -0.25 | CVD: -0.26 | Trades: 607
[2026-01-02T11:09:02.096Z] [INFO] 📊 Footprint calculated: 27 price levels | Delta: -0.41 | CVD: -0.67 | Trades: 442
[2026-01-02T11:10:02.072Z] [INFO] 📊 Footprint calculated: 2 price levels | Delta: -1.64 | CVD: -2.31 | Trades: 265
[2026-01-02T11:11:02.070Z] [INFO] 📊 Footprint calculated: 2 price levels | Delta: -0.36 | CVD: -2.68 | Trades: 247
[2026-01-02T11:12:02.092Z] [INFO] 📊 Footprint calculated: 2 price levels | Delta: -1.90 | CVD: -4.58 | Trades: 209
[2026-01-02T11:12:06.665Z] [INFO] ❌ Client disconnected
[2026-01-02T11:12:06.666Z] [INFO] 🔌 Unsubscribing from Binance streams
[2026-01-02T11:12:06.705Z] [INFO] Closing Binance WebSocket connection
[2026-01-02T11:12:07.231Z] [INFO] ✅ Client connected to WebSocket
[2026-01-02T11:12:07.239Z] [INFO] ❌ Client disconnected
[2026-01-02T11:12:10.222Z] [INFO] ✅ Client connected to WebSocket
[2026-01-02T11:12:10.243Z] [INFO] 📨 Received client message: [{"type":"subscribe","symbol":"BTCUSDT","channels":["trade","kline","depth","footprint"],"interval":"1m"}]
[2026-01-02T11:12:10.243Z] [INFO] 🔔 Subscribing to BTCUSDT | Channels: [trade, kline, depth, footprint] | Interval: 1m
[2026-01-02T11:12:10.344Z] [INFO] 📐 Using tickSize 0.01 for BTCUSDT
[2026-01-02T11:12:10.344Z] [INFO] Connecting to Binance combined stream: btcusdt@aggTrade/btcusdt@kline_1m/btcusdt@depth20@100ms
[2026-01-02T11:12:13.175Z] [INFO] ✅ Connected to Binance streams: btcusdt@aggTrade, btcusdt@kline_1m, btcusdt@depth20@100ms
[2026-01-02T11:43:36.143Z] [INFO] ❌ Client disconnected
[2026-01-02T11:43:36.303Z] [INFO] 🔌 Unsubscribing from Binance streams
[2026-01-02T11:43:36.303Z] [INFO] Closing Binance WebSocket connection
[2026-01-02T11:43:36.974Z] [INFO] ✅ Client connected to WebSocket
[2026-01-02T11:43:37.078Z] [ERROR] Binance API Error: ["getaddrinfo ENOTFOUND api.binance.com"]
[2026-01-02T11:43:37.223Z] [ERROR] Failed to fetch klines for BTCUSDT: [{"message":"getaddrinfo ENOTFOUND api.binance.com","name":"Error","stack":"Error: getaddrinfo ENOTFOUND api.binance.com\n    at Function.AxiosError.from (/Users/samedakgun/Desktop/deneme_2/backend/node_modules/axios/lib/core/AxiosError.js:96:14)\n    at RedirectableRequest.handleRequestError (/Users/samedakgun/Desktop/deneme_2/backend/node_modules/axios/lib/adapters/http.js:817:25)\n    at RedirectableRequest.emit (node:events:532:35)\n    at ClientRequest.eventHandlers.<computed> (/Users/samedakgun/Desktop/deneme_2/backend/node_modules/follow-redirects/index.js:49:24)\n    at ClientRequest.emit (node:events:520:28)\n    at TLSSocket.socketErrorListener (node:_http_client:502:9)\n    at TLSSocket.emit (node:events:520:28)\n    at emitErrorNT (node:internal/streams/destroy:170:8)\n    at emitErrorCloseNT (node:internal/streams/destroy:129:3)\n    at processTicksAndRejections (node:internal/process/task_queues:82:21)\n    at Axios.request (/Users/samedakgun/Desktop/deneme_2/backend/node_modules/axios/lib/core/Axios.js:45:41)\n    at processTicksAndRejections (node:internal/process/task_queues:95:5)\n    at BinanceApiService.getKlines (/Users/samedakgun/Desktop/deneme_2/backend/src/services/binanceApiService.ts:43:24)\n    at MarketController.getKlines (/Users/samedakgun/Desktop/deneme_2/backend/src/controllers/marketController.ts:14:22)","config":{"transitional":{"silentJSONParsing":true,"forcedJSONParsing":true,"clarifyTimeoutError":false},"adapter":["xhr","http","fetch"],"transformRequest":[null],"transformResponse":[null],"timeout":10000,"xsrfCookieName":"XSRF-TOKEN","xsrfHeaderName":"X-XSRF-TOKEN","maxContentLength":-1,"maxBodyLength":-1,"env":{},"headers":{"Accept":"application/json, text/plain, */*","Content-Type":"application/json","User-Agent":"axios/1.13.2","Accept-Encoding":"gzip, compress, deflate, br"},"baseURL":"https://api.binance.com","params":{"symbol":"BTCUSDT","interval":"1m","limit":500},"method":"get","url":"/api/v3/klines","allowAbsoluteUrls":true},"code":"ENOTFOUND"}]
[2026-01-02T11:43:37.226Z] [ERROR] Error fetching klines: [{"message":"getaddrinfo ENOTFOUND api.binance.com","name":"Error","stack":"Error: getaddrinfo ENOTFOUND api.binance.com\n    at Function.AxiosError.from (/Users/samedakgun/Desktop/deneme_2/backend/node_modules/axios/lib/core/AxiosError.js:96:14)\n    at RedirectableRequest.handleRequestError (/Users/samedakgun/Desktop/deneme_2/backend/node_modules/axios/lib/adapters/http.js:817:25)\n    at RedirectableRequest.emit (node:events:532:35)\n    at ClientRequest.eventHandlers.<computed> (/Users/samedakgun/Desktop/deneme_2/backend/node_modules/follow-redirects/index.js:49:24)\n    at ClientRequest.emit (node:events:520:28)\n    at TLSSocket.socketErrorListener (node:_http_client:502:9)\n    at TLSSocket.emit (node:events:520:28)\n    at emitErrorNT (node:internal/streams/destroy:170:8)\n    at emitErrorCloseNT (node:internal/streams/destroy:129:3)\n    at processTicksAndRejections (node:internal/process/task_queues:82:21)\n    at Axios.request (/Users/samedakgun/Desktop/deneme_2/backend/node_modules/axios/lib/core/Axios.js:45:41)\n    at processTicksAndRejections (node:internal/process/task_queues:95:5)\n    at BinanceApiService.getKlines (/Users/samedakgun/Desktop/deneme_2/backend/src/services/binanceApiService.ts:43:24)\n    at MarketController.getKlines (/Users/samedakgun/Desktop/deneme_2/backend/src/controllers/marketController.ts:14:22)","config":{"transitional":{"silentJSONParsing":true,"forcedJSONParsing":true,"clarifyTimeoutError":false},"adapter":["xhr","http","fetch"],"transformRequest":[null],"transformResponse":[null],"timeout":10000,"xsrfCookieName":"XSRF-TOKEN","xsrfHeaderName":"X-XSRF-TOKEN","maxContentLength":-1,"maxBodyLength":-1,"env":{},"headers":{"Accept":"application/json, text/plain, */*","Content-Type":"application/json","User-Agent":"axios/1.13.2","Accept-Encoding":"gzip, compress, deflate, br"},"baseURL":"https://api.binance.com","params":{"symbol":"BTCUSDT","interval":"1m","limit":500},"method":"get","url":"/api/v3/klines","allowAbsoluteUrls":true},"code":"ENOTFOUND"}]
[2026-01-02T11:43:37.237Z] [INFO] ❌ Client disconnected
[2026-01-02T11:43:37.237Z] [ERROR] Binance API Error: ["getaddrinfo ENOTFOUND api.binance.com"]
[2026-01-02T11:43:37.248Z] [ERROR] Failed to fetch aggregate trades for BTCUSDT: [{"message":"getaddrinfo ENOTFOUND api.binance.com","name":"Error","stack":"Error: getaddrinfo ENOTFOUND api.binance.com\n    at Function.AxiosError.from (/Users/samedakgun/Desktop/deneme_2/backend/node_modules/axios/lib/core/AxiosError.js:96:14)\n    at RedirectableRequest.handleRequestError (/Users/samedakgun/Desktop/deneme_2/backend/node_modules/axios/lib/adapters/http.js:817:25)\n    at RedirectableRequest.emit (node:events:532:35)\n    at ClientRequest.eventHandlers.<computed> (/Users/samedakgun/Desktop/deneme_2/backend/node_modules/follow-redirects/index.js:49:24)\n    at ClientRequest.emit (node:events:520:28)\n    at TLSSocket.socketErrorListener (node:_http_client:502:9)\n    at TLSSocket.emit (node:events:520:28)\n    at emitErrorNT (node:internal/streams/destroy:170:8)\n    at emitErrorCloseNT (node:internal/streams/destroy:129:3)\n    at processTicksAndRejections (node:internal/process/task_queues:82:21)\n    at Axios.request (/Users/samedakgun/Desktop/deneme_2/backend/node_modules/axios/lib/core/Axios.js:45:41)\n    at processTicksAndRejections (node:internal/process/task_queues:95:5)\n    at BinanceApiService.getAggregateTrades (/Users/samedakgun/Desktop/deneme_2/backend/src/services/binanceApiService.ts:68:24)\n    at MarketController.getTrades (/Users/samedakgun/Desktop/deneme_2/backend/src/controllers/marketController.ts:27:22)","config":{"transitional":{"silentJSONParsing":true,"forcedJSONParsing":true,"clarifyTimeoutError":false},"adapter":["xhr","http","fetch"],"transformRequest":[null],"transformResponse":[null],"timeout":10000,"xsrfCookieName":"XSRF-TOKEN","xsrfHeaderName":"X-XSRF-TOKEN","maxContentLength":-1,"maxBodyLength":-1,"env":{},"headers":{"Accept":"application/json, text/plain, */*","Content-Type":"application/json","User-Agent":"axios/1.13.2","Accept-Encoding":"gzip, compress, deflate, br"},"baseURL":"https://api.binance.com","params":{"symbol":"BTCUSDT","limit":100},"method":"get","url":"/api/v3/aggTrades","allowAbsoluteUrls":true},"code":"ENOTFOUND"}]
[2026-01-02T11:43:37.258Z] [ERROR] Error fetching trades: [{"message":"getaddrinfo ENOTFOUND api.binance.com","name":"Error","stack":"Error: getaddrinfo ENOTFOUND api.binance.com\n    at Function.AxiosError.from (/Users/samedakgun/Desktop/deneme_2/backend/node_modules/axios/lib/core/AxiosError.js:96:14)\n    at RedirectableRequest.handleRequestError (/Users/samedakgun/Desktop/deneme_2/backend/node_modules/axios/lib/adapters/http.js:817:25)\n    at RedirectableRequest.emit (node:events:532:35)\n    at ClientRequest.eventHandlers.<computed> (/Users/samedakgun/Desktop/deneme_2/backend/node_modules/follow-redirects/index.js:49:24)\n    at ClientRequest.emit (node:events:520:28)\n    at TLSSocket.socketErrorListener (node:_http_client:502:9)\n    at TLSSocket.emit (node:events:520:28)\n    at emitErrorNT (node:internal/streams/destroy:170:8)\n    at emitErrorCloseNT (node:internal/streams/destroy:129:3)\n    at processTicksAndRejections (node:internal/process/task_queues:82:21)\n    at Axios.request (/Users/samedakgun/Desktop/deneme_2/backend/node_modules/axios/lib/core/Axios.js:45:41)\n    at processTicksAndRejections (node:internal/process/task_queues:95:5)\n    at BinanceApiService.getAggregateTrades (/Users/samedakgun/Desktop/deneme_2/backend/src/services/binanceApiService.ts:68:24)\n    at MarketController.getTrades (/Users/samedakgun/Desktop/deneme_2/backend/src/controllers/marketController.ts:27:22)","config":{"transitional":{"silentJSONParsing":true,"forcedJSONParsing":true,"clarifyTimeoutError":false},"adapter":["xhr","http","fetch"],"transformRequest":[null],"transformResponse":[null],"timeout":10000,"xsrfCookieName":"XSRF-TOKEN","xsrfHeaderName":"X-XSRF-TOKEN","maxContentLength":-1,"maxBodyLength":-1,"env":{},"headers":{"Accept":"application/json, text/plain, */*","Content-Type":"application/json","User-Agent":"axios/1.13.2","Accept-Encoding":"gzip, compress, deflate, br"},"baseURL":"https://api.binance.com","params":{"symbol":"BTCUSDT","limit":100},"method":"get","url":"/api/v3/aggTrades","allowAbsoluteUrls":true},"code":"ENOTFOUND"}]
[2026-01-02T11:43:37.263Z] [ERROR] Binance API Error: ["getaddrinfo ENOTFOUND api.binance.com"]
[2026-01-02T11:43:37.264Z] [ERROR] Failed to fetch klines for BTCUSDT: [{"message":"getaddrinfo ENOTFOUND api.binance.com","name":"Error","stack":"Error: getaddrinfo ENOTFOUND api.binance.com\n    at Function.AxiosError.from (/Users/samedakgun/Desktop/deneme_2/backend/node_modules/axios/lib/core/AxiosError.js:96:14)\n    at RedirectableRequest.handleRequestError (/Users/samedakgun/Desktop/deneme_2/backend/node_modules/axios/lib/adapters/http.js:817:25)\n    at RedirectableRequest.emit (node:events:532:35)\n    at ClientRequest.eventHandlers.<computed> (/Users/samedakgun/Desktop/deneme_2/backend/node_modules/follow-redirects/index.js:49:24)\n    at ClientRequest.emit (node:events:520:28)\n    at TLSSocket.socketErrorListener (node:_http_client:502:9)\n    at TLSSocket.emit (node:events:520:28)\n    at emitErrorNT (node:internal/streams/destroy:170:8)\n    at emitErrorCloseNT (node:internal/streams/destroy:129:3)\n    at processTicksAndRejections (node:internal/process/task_queues:82:21)\n    at Axios.request (/Users/samedakgun/Desktop/deneme_2/backend/node_modules/axios/lib/core/Axios.js:45:41)\n    at processTicksAndRejections (node:internal/process/task_queues:95:5)\n    at BinanceApiService.getKlines (/Users/samedakgun/Desktop/deneme_2/backend/src/services/binanceApiService.ts:43:24)\n    at MarketController.getKlines (/Users/samedakgun/Desktop/deneme_2/backend/src/controllers/marketController.ts:14:22)","config":{"transitional":{"silentJSONParsing":true,"forcedJSONParsing":true,"clarifyTimeoutError":false},"adapter":["xhr","http","fetch"],"transformRequest":[null],"transformResponse":[null],"timeout":10000,"xsrfCookieName":"XSRF-TOKEN","xsrfHeaderName":"X-XSRF-TOKEN","maxContentLength":-1,"maxBodyLength":-1,"env":{},"headers":{"Accept":"application/json, text/plain, */*","Content-Type":"application/json","User-Agent":"axios/1.13.2","Accept-Encoding":"gzip, compress, deflate, br"},"baseURL":"https://api.binance.com","params":{"symbol":"BTCUSDT","interval":"1m","limit":500},"method":"get","url":"/api/v3/klines","allowAbsoluteUrls":true},"code":"ENOTFOUND"}]
[2026-01-02T11:43:37.265Z] [ERROR] Error fetching klines: [{"message":"getaddrinfo ENOTFOUND api.binance.com","name":"Error","stack":"Error: getaddrinfo ENOTFOUND api.binance.com\n    at Function.AxiosError.from (/Users/samedakgun/Desktop/deneme_2/backend/node_modules/axios/lib/core/AxiosError.js:96:14)\n    at RedirectableRequest.handleRequestError (/Users/samedakgun/Desktop/deneme_2/backend/node_modules/axios/lib/adapters/http.js:817:25)\n    at RedirectableRequest.emit (node:events:532:35)\n    at ClientRequest.eventHandlers.<computed> (/Users/samedakgun/Desktop/deneme_2/backend/node_modules/follow-redirects/index.js:49:24)\n    at ClientRequest.emit (node:events:520:28)\n    at TLSSocket.socketErrorListener (node:_http_client:502:9)\n    at TLSSocket.emit (node:events:520:28)\n    at emitErrorNT (node:internal/streams/destroy:170:8)\n    at emitErrorCloseNT (node:internal/streams/destroy:129:3)\n    at processTicksAndRejections (node:internal/process/task_queues:82:21)\n    at Axios.request (/Users/samedakgun/Desktop/deneme_2/backend/node_modules/axios/lib/core/Axios.js:45:41)\n    at processTicksAndRejections (node:internal/process/task_queues:95:5)\n    at BinanceApiService.getKlines (/Users/samedakgun/Desktop/deneme_2/backend/src/services/binanceApiService.ts:43:24)\n    at MarketController.getKlines (/Users/samedakgun/Desktop/deneme_2/backend/src/controllers/marketController.ts:14:22)","config":{"transitional":{"silentJSONParsing":true,"forcedJSONParsing":true,"clarifyTimeoutError":false},"adapter":["xhr","http","fetch"],"transformRequest":[null],"transformResponse":[null],"timeout":10000,"xsrfCookieName":"XSRF-TOKEN","xsrfHeaderName":"X-XSRF-TOKEN","maxContentLength":-1,"maxBodyLength":-1,"env":{},"headers":{"Accept":"application/json, text/plain, */*","Content-Type":"application/json","User-Agent":"axios/1.13.2","Accept-Encoding":"gzip, compress, deflate, br"},"baseURL":"https://api.binance.com","params":{"symbol":"BTCUSDT","interval":"1m","limit":500},"method":"get","url":"/api/v3/klines","allowAbsoluteUrls":true},"code":"ENOTFOUND"}]
[2026-01-02T11:43:37.275Z] [ERROR] Binance API Error: ["getaddrinfo ENOTFOUND api.binance.com"]
[2026-01-02T11:43:37.280Z] [ERROR] Failed to fetch aggregate trades for BTCUSDT: [{"message":"getaddrinfo ENOTFOUND api.binance.com","name":"Error","stack":"Error: getaddrinfo ENOTFOUND api.binance.com\n    at Function.AxiosError.from (/Users/samedakgun/Desktop/deneme_2/backend/node_modules/axios/lib/core/AxiosError.js:96:14)\n    at RedirectableRequest.handleRequestError (/Users/samedakgun/Desktop/deneme_2/backend/node_modules/axios/lib/adapters/http.js:817:25)\n    at RedirectableRequest.emit (node:events:532:35)\n    at ClientRequest.eventHandlers.<computed> (/Users/samedakgun/Desktop/deneme_2/backend/node_modules/follow-redirects/index.js:49:24)\n    at ClientRequest.emit (node:events:520:28)\n    at TLSSocket.socketErrorListener (node:_http_client:502:9)\n    at TLSSocket.emit (node:events:520:28)\n    at emitErrorNT (node:internal/streams/destroy:170:8)\n    at emitErrorCloseNT (node:internal/streams/destroy:129:3)\n    at processTicksAndRejections (node:internal/process/task_queues:82:21)\n    at Axios.request (/Users/samedakgun/Desktop/deneme_2/backend/node_modules/axios/lib/core/Axios.js:45:41)\n    at processTicksAndRejections (node:internal/process/task_queues:95:5)\n    at BinanceApiService.getAggregateTrades (/Users/samedakgun/Desktop/deneme_2/backend/src/services/binanceApiService.ts:68:24)\n    at MarketController.getTrades (/Users/samedakgun/Desktop/deneme_2/backend/src/controllers/marketController.ts:27:22)","config":{"transitional":{"silentJSONParsing":true,"forcedJSONParsing":true,"clarifyTimeoutError":false},"adapter":["xhr","http","fetch"],"transformRequest":[null],"transformResponse":[null],"timeout":10000,"xsrfCookieName":"XSRF-TOKEN","xsrfHeaderName":"X-XSRF-TOKEN","maxContentLength":-1,"maxBodyLength":-1,"env":{},"headers":{"Accept":"application/json, text/plain, */*","Content-Type":"application/json","User-Agent":"axios/1.13.2","Accept-Encoding":"gzip, compress, deflate, br"},"baseURL":"https://api.binance.com","params":{"symbol":"BTCUSDT","limit":100},"method":"get","url":"/api/v3/aggTrades","allowAbsoluteUrls":true},"code":"ENOTFOUND"}]
[2026-01-02T11:43:37.331Z] [ERROR] Error fetching trades: [{"message":"getaddrinfo ENOTFOUND api.binance.com","name":"Error","stack":"Error: getaddrinfo ENOTFOUND api.binance.com\n    at Function.AxiosError.from (/Users/samedakgun/Desktop/deneme_2/backend/node_modules/axios/lib/core/AxiosError.js:96:14)\n    at RedirectableRequest.handleRequestError (/Users/samedakgun/Desktop/deneme_2/backend/node_modules/axios/lib/adapters/http.js:817:25)\n    at RedirectableRequest.emit (node:events:532:35)\n    at ClientRequest.eventHandlers.<computed> (/Users/samedakgun/Desktop/deneme_2/backend/node_modules/follow-redirects/index.js:49:24)\n    at ClientRequest.emit (node:events:520:28)\n    at TLSSocket.socketErrorListener (node:_http_client:502:9)\n    at TLSSocket.emit (node:events:520:28)\n    at emitErrorNT (node:internal/streams/destroy:170:8)\n    at emitErrorCloseNT (node:internal/streams/destroy:129:3)\n    at processTicksAndRejections (node:internal/process/task_queues:82:21)\n    at Axios.request (/Users/samedakgun/Desktop/deneme_2/backend/node_modules/axios/lib/core/Axios.js:45:41)\n    at processTicksAndRejections (node:internal/process/task_queues:95:5)\n    at BinanceApiService.getAggregateTrades (/Users/samedakgun/Desktop/deneme_2/backend/src/services/binanceApiService.ts:68:24)\n    at MarketController.getTrades (/Users/samedakgun/Desktop/deneme_2/backend/src/controllers/marketController.ts:27:22)","config":{"transitional":{"silentJSONParsing":true,"forcedJSONParsing":true,"clarifyTimeoutError":false},"adapter":["xhr","http","fetch"],"transformRequest":[null],"transformResponse":[null],"timeout":10000,"xsrfCookieName":"XSRF-TOKEN","xsrfHeaderName":"X-XSRF-TOKEN","maxContentLength":-1,"maxBodyLength":-1,"env":{},"headers":{"Accept":"application/json, text/plain, */*","Content-Type":"application/json","User-Agent":"axios/1.13.2","Accept-Encoding":"gzip, compress, deflate, br"},"baseURL":"https://api.binance.com","params":{"symbol":"BTCUSDT","limit":100},"method":"get","url":"/api/v3/aggTrades","allowAbsoluteUrls":true},"code":"ENOTFOUND"}]
[2026-01-02T11:43:40.000Z] [INFO] ✅ Client connected to WebSocket
[2026-01-02T11:43:40.020Z] [INFO] 📨 Received client message: [{"type":"subscribe","symbol":"BTCUSDT","channels":["trade","kline","depth","footprint"],"interval":"1m"}]
[2026-01-02T11:43:40.021Z] [INFO] 🔔 Subscribing to BTCUSDT | Channels: [trade, kline, depth, footprint] | Interval: 1m
[2026-01-02T11:43:40.126Z] [INFO] 📐 Using tickSize 0.01 for BTCUSDT
[2026-01-02T11:43:40.127Z] [INFO] Connecting to Binance combined stream: btcusdt@aggTrade/btcusdt@kline_1m/btcusdt@depth20@100ms
[2026-01-02T11:43:43.341Z] [INFO] ✅ Connected to Binance streams: btcusdt@aggTrade, btcusdt@kline_1m, btcusdt@depth20@100ms
[2026-01-02T11:43:44.073Z] [INFO] 📊 Footprint calculated: 2 price levels | Delta: -0.01 | CVD: -0.01 | Trades: 2
[2026-01-02T11:44:02.180Z] [INFO] 📊 Footprint calculated: 67 price levels | Delta: 0.03 | CVD: 0.02 | Trades: 263
